e:\pengstudio\phform\phform_source\phform\phform\debug\vc142.pdb
e:\pengstudio\phform\phform_source\phform\phform\debug\vc142.idb
e:\pengstudio\phform\phform_source\phform\phform\debug\sun_socket.obj
e:\pengstudio\phform\phform_source\phform\phform\debug\sun_iocp.obj
e:\pengstudio\phform\phform_source\phform\phform\debug\sun_epoll.obj
e:\pengstudio\phform\phform_source\phform\phform\debug\http.obj
e:\pengstudio\phform\phform_source\phform\phform\debug\start.obj
e:\pengstudio\phform\phform_source\phform\phform\debug\phform.obj
e:\pengstudio\phform\phform_source\phform\debug\phform.exe
e:\pengstudio\phform\phform_source\phform\debug\phform.ilk
e:\pengstudio\phform\phform_source\phform\debug\phform.pdb
e:\pengstudio\phform\phform_source\phform\debug\phform.lib
e:\pengstudio\phform\phform_source\phform\debug\phform.exp
e:\pengstudio\phform\phform_source\phform\phform\debug\phform.tlog\cl.command.1.tlog
e:\pengstudio\phform\phform_source\phform\phform\debug\phform.tlog\cl.read.1.tlog
e:\pengstudio\phform\phform_source\phform\phform\debug\phform.tlog\cl.write.1.tlog
e:\pengstudio\phform\phform_source\phform\phform\debug\phform.tlog\link.4888.delete.1.tlog
e:\pengstudio\phform\phform_source\phform\phform\debug\phform.tlog\link.6732.delete.1.tlog
e:\pengstudio\phform\phform_source\phform\phform\debug\phform.tlog\link.8700.delete.1.tlog
e:\pengstudio\phform\phform_source\phform\phform\debug\phform.tlog\link.command.1.tlog
e:\pengstudio\phform\phform_source\phform\phform\debug\phform.tlog\link.read.1.tlog
e:\pengstudio\phform\phform_source\phform\phform\debug\phform.tlog\link.write.1.tlog
e:\pengstudio\phform\phform_source\phform\phform\debug\phform.tlog\phform.write.1u.tlog
